<?xml version="1.0" encoding="UTF-8"?>
<!-- Generated by org.testng.reporters.JUnitXMLReporter -->
<testsuite ignored="2" hostname="Invicta-16" failures="0" tests="2" name="Test" time="6.407" errors="0" timestamp="25 Feb 2023 05:05:15 GMT">
  <testcase classname="com.qa.automation.qdms.testcases.login.LoginTest" name="Login" time="6.086"/>
  <testcase classname="com.qa.automation.qdms.testcases.master.MasterTest" name="MasterCard" time="0.267"/>
  <testcase classname="com.qa.automation.qdms.base.DriverIntialization" name="@AfterSuite closeChrome" time="0.0">
    <ignored/>
  </testcase> <!-- @AfterSuite closeChrome -->
  <testcase classname="com.qa.automation.qdms.base.DriverIntialization" name="@BeforeSuite main" time="0.0">
    <ignored/>
  </testcase> <!-- @BeforeSuite main -->
</testsuite> <!-- Test -->
