<?xml version="1.0" encoding="UTF-8"?>
<testng-results ignored="2" total="4" passed="2" failed="0" skipped="0">
  <reporter-output>
  </reporter-output>
  <suite started-at="2023-02-25T05:05:08Z" name="Suite" finished-at="2023-02-25T05:05:15Z" duration-ms="6407">
    <groups>
    </groups>
    <test started-at="2023-02-25T05:05:08Z" name="Test" finished-at="2023-02-25T05:05:15Z" duration-ms="6407">
      <class name="com.qa.automation.qdms.testcases.login.LoginTest">
        <test-method is-config="true" signature="main()[pri:0, instance:com.qa.automation.qdms.testcases.login.LoginTest@418c020b]" started-at="2023-02-25T05:04:44Z" name="main" finished-at="2023-02-25T05:05:08Z" duration-ms="24559" status="PASS">
          <reporter-output>
          </reporter-output>
        </test-method> <!-- main -->
        <test-method signature="Login()[pri:0, instance:com.qa.automation.qdms.testcases.login.LoginTest@418c020b]" started-at="2023-02-25T05:05:09Z" name="Login" finished-at="2023-02-25T05:05:15Z" duration-ms="6086" status="PASS">
          <reporter-output>
          </reporter-output>
        </test-method> <!-- Login -->
        <test-method is-config="true" signature="closeChrome()[pri:0, instance:com.qa.automation.qdms.testcases.login.LoginTest@418c020b]" started-at="2023-02-25T05:05:15Z" name="closeChrome" finished-at="2023-02-25T05:05:15Z" duration-ms="195" status="PASS">
          <reporter-output>
          </reporter-output>
        </test-method> <!-- closeChrome -->
      </class> <!-- com.qa.automation.qdms.testcases.login.LoginTest -->
      <class name="com.qa.automation.qdms.testcases.master.MasterTest">
        <test-method signature="MasterCard()[pri:0, instance:com.qa.automation.qdms.testcases.master.MasterTest@51351f28]" started-at="2023-02-25T05:05:15Z" name="MasterCard" finished-at="2023-02-25T05:05:15Z" duration-ms="267" status="PASS">
          <reporter-output>
          </reporter-output>
        </test-method> <!-- MasterCard -->
      </class> <!-- com.qa.automation.qdms.testcases.master.MasterTest -->
    </test> <!-- Test -->
  </suite> <!-- Suite -->
</testng-results>
